app/build/intermediates/manifest_merge_blame_file/release/manifest-merger-blame-release-report.txt
1<?xml version="1.0" encoding="utf-8"?>
2<manifest xmlns:android="http://schemas.android.com/apk/res/android"
3    package="com.example.emerband"
4    android:versionCode="1"
5    android:versionName="1.0" >
6
7    <uses-sdk
8        android:minSdkVersion="21"
9        android:targetSdkVersion="34" />
10
11    <!-- Bluetooth permissions -->
12    <uses-permission
12-->src\main\AndroidManifest.xml:5:5-68
13        android:name="android.permission.BLUETOOTH"
13-->src\main\AndroidManifest.xml:5:22-65
14        android:maxSdkVersion="30" />
14-->[no.nordicsemi.android:ble:2.6.1] AndroidManifest.xml:12:9-35
15    <uses-permission android:name="android.permission.BLUETOOTH_ADMIN" />
15-->src\main\AndroidManifest.xml:6:5-74
15-->src\main\AndroidManifest.xml:6:22-71
16
17    <!-- For Android 12+ -->
18    <uses-permission android:name="android.permission.BLUETOOTH_CONNECT" />
18-->src\main\AndroidManifest.xml:9:5-76
18-->src\main\AndroidManifest.xml:9:22-73
19    <uses-permission android:name="android.permission.BLUETOOTH_SCAN" />
19-->src\main\AndroidManifest.xml:10:5-73
19-->src\main\AndroidManifest.xml:10:22-70
20
21    <!-- Location permission required for BLE scanning -->
22    <uses-permission android:name="android.permission.ACCESS_FINE_LOCATION" />
22-->src\main\AndroidManifest.xml:13:5-79
22-->src\main\AndroidManifest.xml:13:22-76
23    <uses-permission android:name="android.permission.ACCESS_COARSE_LOCATION" />
23-->src\main\AndroidManifest.xml:14:5-81
23-->src\main\AndroidManifest.xml:14:22-78
24
25    <!-- Foreground service permission for Android 9+ -->
26    <uses-permission android:name="android.permission.FOREGROUND_SERVICE" />
26-->src\main\AndroidManifest.xml:17:5-77
26-->src\main\AndroidManifest.xml:17:22-74
27
28    <!-- Boot completed permission to start service at boot -->
29    <uses-permission android:name="android.permission.RECEIVE_BOOT_COMPLETED" />
29-->src\main\AndroidManifest.xml:20:5-81
29-->src\main\AndroidManifest.xml:20:22-78
30
31    <!-- Wake lock permission to keep CPU running -->
32    <uses-permission android:name="android.permission.WAKE_LOCK" />
32-->src\main\AndroidManifest.xml:23:5-68
32-->src\main\AndroidManifest.xml:23:22-65
33
34    <!-- SMS permission for emergency messages -->
35    <uses-permission android:name="android.permission.SEND_SMS" />
35-->src\main\AndroidManifest.xml:26:5-67
35-->src\main\AndroidManifest.xml:26:22-64
36
37    <!-- Call phone permission for emergency calls -->
38    <uses-permission android:name="android.permission.CALL_PHONE" />
38-->src\main\AndroidManifest.xml:29:5-69
38-->src\main\AndroidManifest.xml:29:22-66
39
40    <!-- Vibration permission for fake call feature -->
41    <uses-permission android:name="android.permission.VIBRATE" />
41-->src\main\AndroidManifest.xml:32:5-66
41-->src\main\AndroidManifest.xml:32:22-63
42
43    <!-- Audio settings permission for alert system -->
44    <uses-permission android:name="android.permission.MODIFY_AUDIO_SETTINGS" />
44-->src\main\AndroidManifest.xml:35:5-80
44-->src\main\AndroidManifest.xml:35:22-77
45
46    <!-- Flashlight permission for alert system -->
47    <uses-permission android:name="android.permission.CAMERA" />
47-->src\main\AndroidManifest.xml:38:5-65
47-->src\main\AndroidManifest.xml:38:22-62
48    <uses-permission android:name="android.permission.FLASHLIGHT" />
48-->src\main\AndroidManifest.xml:39:5-69
48-->src\main\AndroidManifest.xml:39:22-66
49
50    <!-- Feature declarations -->
51    <uses-feature
51-->src\main\AndroidManifest.xml:42:5-90
52        android:name="android.hardware.bluetooth_le"
52-->src\main\AndroidManifest.xml:42:19-63
53        android:required="true" />
53-->src\main\AndroidManifest.xml:42:64-87
54    <uses-feature
54-->src\main\AndroidManifest.xml:43:5-87
55        android:name="android.hardware.bluetooth"
55-->src\main\AndroidManifest.xml:43:19-60
56        android:required="true" />
56-->src\main\AndroidManifest.xml:43:61-84
57    <uses-feature
57-->src\main\AndroidManifest.xml:44:5-91
58        android:name="android.hardware.camera.flash"
58-->src\main\AndroidManifest.xml:44:19-63
59        android:required="false" />
59-->src\main\AndroidManifest.xml:44:64-88
60
61    <uses-permission android:name="android.permission.ACCESS_NETWORK_STATE" />
61-->[androidx.work:work-runtime:2.9.0] AndroidManifest.xml:24:5-79
61-->[androidx.work:work-runtime:2.9.0] AndroidManifest.xml:24:22-76
62
63    <permission
63-->[androidx.core:core:1.12.0] AndroidManifest.xml:22:5-24:47
64        android:name="com.example.emerband.DYNAMIC_RECEIVER_NOT_EXPORTED_PERMISSION"
64-->[androidx.core:core:1.12.0] AndroidManifest.xml:23:9-81
65        android:protectionLevel="signature" />
65-->[androidx.core:core:1.12.0] AndroidManifest.xml:24:9-44
66
67    <uses-permission android:name="com.example.emerband.DYNAMIC_RECEIVER_NOT_EXPORTED_PERMISSION" />
67-->[androidx.core:core:1.12.0] AndroidManifest.xml:26:5-97
67-->[androidx.core:core:1.12.0] AndroidManifest.xml:26:22-94
68
69    <application
69-->src\main\AndroidManifest.xml:46:5-111:19
70        android:allowBackup="true"
70-->src\main\AndroidManifest.xml:47:9-35
71        android:appComponentFactory="androidx.core.app.CoreComponentFactory"
71-->[androidx.core:core:1.12.0] AndroidManifest.xml:28:18-86
72        android:extractNativeLibs="true"
73        android:icon="@mipmap/ic_launcher"
73-->src\main\AndroidManifest.xml:48:9-43
74        android:label="@string/app_name"
74-->src\main\AndroidManifest.xml:49:9-41
75        android:roundIcon="@mipmap/ic_launcher_round"
75-->src\main\AndroidManifest.xml:50:9-54
76        android:supportsRtl="true"
76-->src\main\AndroidManifest.xml:51:9-35
77        android:theme="@style/Theme.EmerBand" >
77-->src\main\AndroidManifest.xml:52:9-46
78        <activity
78-->src\main\AndroidManifest.xml:54:9-61:20
79            android:name="com.example.emerband.MainActivity"
79-->src\main\AndroidManifest.xml:55:13-41
80            android:exported="true" >
80-->src\main\AndroidManifest.xml:56:13-36
81            <intent-filter>
81-->src\main\AndroidManifest.xml:57:13-60:29
82                <action android:name="android.intent.action.MAIN" />
82-->src\main\AndroidManifest.xml:58:17-69
82-->src\main\AndroidManifest.xml:58:25-66
83
84                <category android:name="android.intent.category.LAUNCHER" />
84-->src\main\AndroidManifest.xml:59:17-77
84-->src\main\AndroidManifest.xml:59:27-74
85            </intent-filter>
86        </activity>
87        <activity
87-->src\main\AndroidManifest.xml:63:9-66:58
88            android:name="com.example.emerband.EmergencyContactsActivity"
88-->src\main\AndroidManifest.xml:64:13-54
89            android:label="@string/menu_contacts"
89-->src\main\AndroidManifest.xml:65:13-50
90            android:parentActivityName="com.example.emerband.MainActivity" />
90-->src\main\AndroidManifest.xml:66:13-55
91        <activity
91-->src\main\AndroidManifest.xml:68:9-71:58
92            android:name="com.example.emerband.SettingsActivity"
92-->src\main\AndroidManifest.xml:69:13-45
93            android:label="@string/menu_settings"
93-->src\main\AndroidManifest.xml:70:13-50
94            android:parentActivityName="com.example.emerband.MainActivity" />
94-->src\main\AndroidManifest.xml:71:13-55
95        <activity
95-->src\main\AndroidManifest.xml:73:9-76:52
96            android:name="com.example.emerband.FakeCallActivity"
96-->src\main\AndroidManifest.xml:74:13-45
97            android:screenOrientation="portrait"
97-->src\main\AndroidManifest.xml:76:13-49
98            android:theme="@style/Theme.AppCompat.NoActionBar" />
98-->src\main\AndroidManifest.xml:75:13-63
99        <activity
99-->src\main\AndroidManifest.xml:78:9-81:52
100            android:name="com.example.emerband.AlertActivity"
100-->src\main\AndroidManifest.xml:79:13-42
101            android:screenOrientation="portrait"
101-->src\main\AndroidManifest.xml:81:13-49
102            android:theme="@style/Theme.AppCompat.NoActionBar" />
102-->src\main\AndroidManifest.xml:80:13-63
103
104        <!-- BLE Background Service -->
105        <service
105-->src\main\AndroidManifest.xml:84:9-87:40
106            android:name="com.example.emerband.BLEBackgroundService"
106-->src\main\AndroidManifest.xml:85:13-49
107            android:enabled="true"
107-->src\main\AndroidManifest.xml:86:13-35
108            android:exported="false" />
108-->src\main\AndroidManifest.xml:87:13-37
109
110        <!-- Boot completed receiver -->
111        <receiver
111-->src\main\AndroidManifest.xml:90:9-98:20
112            android:name="com.example.emerband.BootCompletedReceiver"
112-->src\main\AndroidManifest.xml:91:13-50
113            android:enabled="true"
113-->src\main\AndroidManifest.xml:92:13-35
114            android:exported="true" >
114-->src\main\AndroidManifest.xml:93:13-36
115            <intent-filter>
115-->src\main\AndroidManifest.xml:94:13-97:29
116                <action android:name="android.intent.action.BOOT_COMPLETED" />
116-->src\main\AndroidManifest.xml:95:17-79
116-->src\main\AndroidManifest.xml:95:25-76
117
118                <category android:name="android.intent.category.DEFAULT" />
118-->src\main\AndroidManifest.xml:96:17-76
118-->src\main\AndroidManifest.xml:96:27-73
119            </intent-filter>
120        </receiver>
121
122        <activity
122-->src\main\AndroidManifest.xml:100:9-102:58
123            android:name="com.example.emerband.CyberCellActivity"
123-->src\main\AndroidManifest.xml:100:19-52
124            android:label="@string/menu_help"
124-->src\main\AndroidManifest.xml:101:13-46
125            android:parentActivityName="com.example.emerband.MainActivity" />
125-->src\main\AndroidManifest.xml:102:13-55
126        <activity
126-->src\main\AndroidManifest.xml:103:9-105:58
127            android:name="com.example.emerband.LocationSettingsActivity"
127-->src\main\AndroidManifest.xml:103:19-59
128            android:label="@string/menu_location"
128-->src\main\AndroidManifest.xml:104:13-50
129            android:parentActivityName="com.example.emerband.MainActivity" />
129-->src\main\AndroidManifest.xml:105:13-55
130        <activity
130-->src\main\AndroidManifest.xml:106:9-109:40
131            android:name="com.example.emerband.CyberCellSettingsActivity"
131-->src\main\AndroidManifest.xml:106:19-60
132            android:exported="false"
132-->src\main\AndroidManifest.xml:109:13-37
133            android:label="Cyber Cell Settings"
133-->src\main\AndroidManifest.xml:108:13-48
134            android:parentActivityName="com.example.emerband.MainActivity" />
134-->src\main\AndroidManifest.xml:107:13-55
135        <activity
135-->[com.google.android.gms:play-services-base:18.1.0] AndroidManifest.xml:20:9-22:45
136            android:name="com.google.android.gms.common.api.GoogleApiActivity"
136-->[com.google.android.gms:play-services-base:18.1.0] AndroidManifest.xml:20:19-85
137            android:exported="false"
137-->[com.google.android.gms:play-services-base:18.1.0] AndroidManifest.xml:22:19-43
138            android:theme="@android:style/Theme.Translucent.NoTitleBar" />
138-->[com.google.android.gms:play-services-base:18.1.0] AndroidManifest.xml:21:19-78
139
140        <meta-data
140-->[com.google.android.gms:play-services-basement:18.1.0] AndroidManifest.xml:21:9-23:69
141            android:name="com.google.android.gms.version"
141-->[com.google.android.gms:play-services-basement:18.1.0] AndroidManifest.xml:22:13-58
142            android:value="@integer/google_play_services_version" />
142-->[com.google.android.gms:play-services-basement:18.1.0] AndroidManifest.xml:23:13-66
143
144        <provider
144-->[androidx.emoji2:emoji2:1.2.0] AndroidManifest.xml:24:9-32:20
145            android:name="androidx.startup.InitializationProvider"
145-->[androidx.emoji2:emoji2:1.2.0] AndroidManifest.xml:25:13-67
146            android:authorities="com.example.emerband.androidx-startup"
146-->[androidx.emoji2:emoji2:1.2.0] AndroidManifest.xml:26:13-68
147            android:exported="false" >
147-->[androidx.emoji2:emoji2:1.2.0] AndroidManifest.xml:27:13-37
148            <meta-data
148-->[androidx.emoji2:emoji2:1.2.0] AndroidManifest.xml:29:13-31:52
149                android:name="androidx.emoji2.text.EmojiCompatInitializer"
149-->[androidx.emoji2:emoji2:1.2.0] AndroidManifest.xml:30:17-75
150                android:value="androidx.startup" />
150-->[androidx.emoji2:emoji2:1.2.0] AndroidManifest.xml:31:17-49
151            <meta-data
151-->[androidx.work:work-runtime:2.9.0] AndroidManifest.xml:34:13-36:52
152                android:name="androidx.work.WorkManagerInitializer"
152-->[androidx.work:work-runtime:2.9.0] AndroidManifest.xml:35:17-68
153                android:value="androidx.startup" />
153-->[androidx.work:work-runtime:2.9.0] AndroidManifest.xml:36:17-49
154            <meta-data
154-->[androidx.lifecycle:lifecycle-process:2.7.0] AndroidManifest.xml:29:13-31:52
155                android:name="androidx.lifecycle.ProcessLifecycleInitializer"
155-->[androidx.lifecycle:lifecycle-process:2.7.0] AndroidManifest.xml:30:17-78
156                android:value="androidx.startup" />
156-->[androidx.lifecycle:lifecycle-process:2.7.0] AndroidManifest.xml:31:17-49
157            <meta-data
157-->[androidx.profileinstaller:profileinstaller:1.3.0] AndroidManifest.xml:29:13-31:52
158                android:name="androidx.profileinstaller.ProfileInstallerInitializer"
158-->[androidx.profileinstaller:profileinstaller:1.3.0] AndroidManifest.xml:30:17-85
159                android:value="androidx.startup" />
159-->[androidx.profileinstaller:profileinstaller:1.3.0] AndroidManifest.xml:31:17-49
160        </provider>
161
162        <service
162-->[androidx.work:work-runtime:2.9.0] AndroidManifest.xml:39:9-45:35
163            android:name="androidx.work.impl.background.systemalarm.SystemAlarmService"
163-->[androidx.work:work-runtime:2.9.0] AndroidManifest.xml:40:13-88
164            android:directBootAware="false"
164-->[androidx.work:work-runtime:2.9.0] AndroidManifest.xml:41:13-44
165            android:enabled="@bool/enable_system_alarm_service_default"
165-->[androidx.work:work-runtime:2.9.0] AndroidManifest.xml:42:13-72
166            android:exported="false" />
166-->[androidx.work:work-runtime:2.9.0] AndroidManifest.xml:43:13-37
167        <service
167-->[androidx.work:work-runtime:2.9.0] AndroidManifest.xml:46:9-52:35
168            android:name="androidx.work.impl.background.systemjob.SystemJobService"
168-->[androidx.work:work-runtime:2.9.0] AndroidManifest.xml:47:13-84
169            android:directBootAware="false"
169-->[androidx.work:work-runtime:2.9.0] AndroidManifest.xml:48:13-44
170            android:enabled="@bool/enable_system_job_service_default"
170-->[androidx.work:work-runtime:2.9.0] AndroidManifest.xml:49:13-70
171            android:exported="true"
171-->[androidx.work:work-runtime:2.9.0] AndroidManifest.xml:50:13-36
172            android:permission="android.permission.BIND_JOB_SERVICE" />
172-->[androidx.work:work-runtime:2.9.0] AndroidManifest.xml:51:13-69
173        <service
173-->[androidx.work:work-runtime:2.9.0] AndroidManifest.xml:53:9-59:35
174            android:name="androidx.work.impl.foreground.SystemForegroundService"
174-->[androidx.work:work-runtime:2.9.0] AndroidManifest.xml:54:13-81
175            android:directBootAware="false"
175-->[androidx.work:work-runtime:2.9.0] AndroidManifest.xml:55:13-44
176            android:enabled="@bool/enable_system_foreground_service_default"
176-->[androidx.work:work-runtime:2.9.0] AndroidManifest.xml:56:13-77
177            android:exported="false" />
177-->[androidx.work:work-runtime:2.9.0] AndroidManifest.xml:57:13-37
178
179        <receiver
179-->[androidx.work:work-runtime:2.9.0] AndroidManifest.xml:61:9-66:35
180            android:name="androidx.work.impl.utils.ForceStopRunnable$BroadcastReceiver"
180-->[androidx.work:work-runtime:2.9.0] AndroidManifest.xml:62:13-88
181            android:directBootAware="false"
181-->[androidx.work:work-runtime:2.9.0] AndroidManifest.xml:63:13-44
182            android:enabled="true"
182-->[androidx.work:work-runtime:2.9.0] AndroidManifest.xml:64:13-35
183            android:exported="false" />
183-->[androidx.work:work-runtime:2.9.0] AndroidManifest.xml:65:13-37
184        <receiver
184-->[androidx.work:work-runtime:2.9.0] AndroidManifest.xml:67:9-77:20
185            android:name="androidx.work.impl.background.systemalarm.ConstraintProxy$BatteryChargingProxy"
185-->[androidx.work:work-runtime:2.9.0] AndroidManifest.xml:68:13-106
186            android:directBootAware="false"
186-->[androidx.work:work-runtime:2.9.0] AndroidManifest.xml:69:13-44
187            android:enabled="false"
187-->[androidx.work:work-runtime:2.9.0] AndroidManifest.xml:70:13-36
188            android:exported="false" >
188-->[androidx.work:work-runtime:2.9.0] AndroidManifest.xml:71:13-37
189            <intent-filter>
189-->[androidx.work:work-runtime:2.9.0] AndroidManifest.xml:73:13-76:29
190                <action android:name="android.intent.action.ACTION_POWER_CONNECTED" />
190-->[androidx.work:work-runtime:2.9.0] AndroidManifest.xml:74:17-87
190-->[androidx.work:work-runtime:2.9.0] AndroidManifest.xml:74:25-84
191                <action android:name="android.intent.action.ACTION_POWER_DISCONNECTED" />
191-->[androidx.work:work-runtime:2.9.0] AndroidManifest.xml:75:17-90
191-->[androidx.work:work-runtime:2.9.0] AndroidManifest.xml:75:25-87
192            </intent-filter>
193        </receiver>
194        <receiver
194-->[androidx.work:work-runtime:2.9.0] AndroidManifest.xml:78:9-88:20
195            android:name="androidx.work.impl.background.systemalarm.ConstraintProxy$BatteryNotLowProxy"
195-->[androidx.work:work-runtime:2.9.0] AndroidManifest.xml:79:13-104
196            android:directBootAware="false"
196-->[androidx.work:work-runtime:2.9.0] AndroidManifest.xml:80:13-44
197            android:enabled="false"
197-->[androidx.work:work-runtime:2.9.0] AndroidManifest.xml:81:13-36
198            android:exported="false" >
198-->[androidx.work:work-runtime:2.9.0] AndroidManifest.xml:82:13-37
199            <intent-filter>
199-->[androidx.work:work-runtime:2.9.0] AndroidManifest.xml:84:13-87:29
200                <action android:name="android.intent.action.BATTERY_OKAY" />
200-->[androidx.work:work-runtime:2.9.0] AndroidManifest.xml:85:17-77
200-->[androidx.work:work-runtime:2.9.0] AndroidManifest.xml:85:25-74
201                <action android:name="android.intent.action.BATTERY_LOW" />
201-->[androidx.work:work-runtime:2.9.0] AndroidManifest.xml:86:17-76
201-->[androidx.work:work-runtime:2.9.0] AndroidManifest.xml:86:25-73
202            </intent-filter>
203        </receiver>
204        <receiver
204-->[androidx.work:work-runtime:2.9.0] AndroidManifest.xml:89:9-99:20
205            android:name="androidx.work.impl.background.systemalarm.ConstraintProxy$StorageNotLowProxy"
205-->[androidx.work:work-runtime:2.9.0] AndroidManifest.xml:90:13-104
206            android:directBootAware="false"
206-->[androidx.work:work-runtime:2.9.0] AndroidManifest.xml:91:13-44
207            android:enabled="false"
207-->[androidx.work:work-runtime:2.9.0] AndroidManifest.xml:92:13-36
208            android:exported="false" >
208-->[androidx.work:work-runtime:2.9.0] AndroidManifest.xml:93:13-37
209            <intent-filter>
209-->[androidx.work:work-runtime:2.9.0] AndroidManifest.xml:95:13-98:29
210                <action android:name="android.intent.action.DEVICE_STORAGE_LOW" />
210-->[androidx.work:work-runtime:2.9.0] AndroidManifest.xml:96:17-83
210-->[androidx.work:work-runtime:2.9.0] AndroidManifest.xml:96:25-80
211                <action android:name="android.intent.action.DEVICE_STORAGE_OK" />
211-->[androidx.work:work-runtime:2.9.0] AndroidManifest.xml:97:17-82
211-->[androidx.work:work-runtime:2.9.0] AndroidManifest.xml:97:25-79
212            </intent-filter>
213        </receiver>
214        <receiver
214-->[androidx.work:work-runtime:2.9.0] AndroidManifest.xml:100:9-109:20
215            android:name="androidx.work.impl.background.systemalarm.ConstraintProxy$NetworkStateProxy"
215-->[androidx.work:work-runtime:2.9.0] AndroidManifest.xml:101:13-103
216            android:directBootAware="false"
216-->[androidx.work:work-runtime:2.9.0] AndroidManifest.xml:102:13-44
217            android:enabled="false"
217-->[androidx.work:work-runtime:2.9.0] AndroidManifest.xml:103:13-36
218            android:exported="false" >
218-->[androidx.work:work-runtime:2.9.0] AndroidManifest.xml:104:13-37
219            <intent-filter>
219-->[androidx.work:work-runtime:2.9.0] AndroidManifest.xml:106:13-108:29
220                <action android:name="android.net.conn.CONNECTIVITY_CHANGE" />
220-->[androidx.work:work-runtime:2.9.0] AndroidManifest.xml:107:17-79
220-->[androidx.work:work-runtime:2.9.0] AndroidManifest.xml:107:25-76
221            </intent-filter>
222        </receiver>
223        <receiver
223-->[androidx.work:work-runtime:2.9.0] AndroidManifest.xml:110:9-121:20
224            android:name="androidx.work.impl.background.systemalarm.RescheduleReceiver"
224-->[androidx.work:work-runtime:2.9.0] AndroidManifest.xml:111:13-88
225            android:directBootAware="false"
225-->[androidx.work:work-runtime:2.9.0] AndroidManifest.xml:112:13-44
226            android:enabled="false"
226-->[androidx.work:work-runtime:2.9.0] AndroidManifest.xml:113:13-36
227            android:exported="false" >
227-->[androidx.work:work-runtime:2.9.0] AndroidManifest.xml:114:13-37
228            <intent-filter>
228-->[androidx.work:work-runtime:2.9.0] AndroidManifest.xml:116:13-120:29
229                <action android:name="android.intent.action.BOOT_COMPLETED" />
229-->src\main\AndroidManifest.xml:95:17-79
229-->src\main\AndroidManifest.xml:95:25-76
230                <action android:name="android.intent.action.TIME_SET" />
230-->[androidx.work:work-runtime:2.9.0] AndroidManifest.xml:118:17-73
230-->[androidx.work:work-runtime:2.9.0] AndroidManifest.xml:118:25-70
231                <action android:name="android.intent.action.TIMEZONE_CHANGED" />
231-->[androidx.work:work-runtime:2.9.0] AndroidManifest.xml:119:17-81
231-->[androidx.work:work-runtime:2.9.0] AndroidManifest.xml:119:25-78
232            </intent-filter>
233        </receiver>
234        <receiver
234-->[androidx.work:work-runtime:2.9.0] AndroidManifest.xml:122:9-131:20
235            android:name="androidx.work.impl.background.systemalarm.ConstraintProxyUpdateReceiver"
235-->[androidx.work:work-runtime:2.9.0] AndroidManifest.xml:123:13-99
236            android:directBootAware="false"
236-->[androidx.work:work-runtime:2.9.0] AndroidManifest.xml:124:13-44
237            android:enabled="@bool/enable_system_alarm_service_default"
237-->[androidx.work:work-runtime:2.9.0] AndroidManifest.xml:125:13-72
238            android:exported="false" >
238-->[androidx.work:work-runtime:2.9.0] AndroidManifest.xml:126:13-37
239            <intent-filter>
239-->[androidx.work:work-runtime:2.9.0] AndroidManifest.xml:128:13-130:29
240                <action android:name="androidx.work.impl.background.systemalarm.UpdateProxies" />
240-->[androidx.work:work-runtime:2.9.0] AndroidManifest.xml:129:17-98
240-->[androidx.work:work-runtime:2.9.0] AndroidManifest.xml:129:25-95
241            </intent-filter>
242        </receiver>
243        <receiver
243-->[androidx.work:work-runtime:2.9.0] AndroidManifest.xml:132:9-142:20
244            android:name="androidx.work.impl.diagnostics.DiagnosticsReceiver"
244-->[androidx.work:work-runtime:2.9.0] AndroidManifest.xml:133:13-78
245            android:directBootAware="false"
245-->[androidx.work:work-runtime:2.9.0] AndroidManifest.xml:134:13-44
246            android:enabled="true"
246-->[androidx.work:work-runtime:2.9.0] AndroidManifest.xml:135:13-35
247            android:exported="true"
247-->[androidx.work:work-runtime:2.9.0] AndroidManifest.xml:136:13-36
248            android:permission="android.permission.DUMP" >
248-->[androidx.work:work-runtime:2.9.0] AndroidManifest.xml:137:13-57
249            <intent-filter>
249-->[androidx.work:work-runtime:2.9.0] AndroidManifest.xml:139:13-141:29
250                <action android:name="androidx.work.diagnostics.REQUEST_DIAGNOSTICS" />
250-->[androidx.work:work-runtime:2.9.0] AndroidManifest.xml:140:17-88
250-->[androidx.work:work-runtime:2.9.0] AndroidManifest.xml:140:25-85
251            </intent-filter>
252        </receiver>
253
254        <service
254-->[androidx.room:room-runtime:2.6.1] AndroidManifest.xml:24:9-28:63
255            android:name="androidx.room.MultiInstanceInvalidationService"
255-->[androidx.room:room-runtime:2.6.1] AndroidManifest.xml:25:13-74
256            android:directBootAware="true"
256-->[androidx.room:room-runtime:2.6.1] AndroidManifest.xml:26:13-43
257            android:exported="false" />
257-->[androidx.room:room-runtime:2.6.1] AndroidManifest.xml:27:13-37
258
259        <receiver
259-->[androidx.profileinstaller:profileinstaller:1.3.0] AndroidManifest.xml:34:9-52:20
260            android:name="androidx.profileinstaller.ProfileInstallReceiver"
260-->[androidx.profileinstaller:profileinstaller:1.3.0] AndroidManifest.xml:35:13-76
261            android:directBootAware="false"
261-->[androidx.profileinstaller:profileinstaller:1.3.0] AndroidManifest.xml:36:13-44
262            android:enabled="true"
262-->[androidx.profileinstaller:profileinstaller:1.3.0] AndroidManifest.xml:37:13-35
263            android:exported="true"
263-->[androidx.profileinstaller:profileinstaller:1.3.0] AndroidManifest.xml:38:13-36
264            android:permission="android.permission.DUMP" >
264-->[androidx.profileinstaller:profileinstaller:1.3.0] AndroidManifest.xml:39:13-57
265            <intent-filter>
265-->[androidx.profileinstaller:profileinstaller:1.3.0] AndroidManifest.xml:40:13-42:29
266                <action android:name="androidx.profileinstaller.action.INSTALL_PROFILE" />
266-->[androidx.profileinstaller:profileinstaller:1.3.0] AndroidManifest.xml:41:17-91
266-->[androidx.profileinstaller:profileinstaller:1.3.0] AndroidManifest.xml:41:25-88
267            </intent-filter>
268            <intent-filter>
268-->[androidx.profileinstaller:profileinstaller:1.3.0] AndroidManifest.xml:43:13-45:29
269                <action android:name="androidx.profileinstaller.action.SKIP_FILE" />
269-->[androidx.profileinstaller:profileinstaller:1.3.0] AndroidManifest.xml:44:17-85
269-->[androidx.profileinstaller:profileinstaller:1.3.0] AndroidManifest.xml:44:25-82
270            </intent-filter>
271            <intent-filter>
271-->[androidx.profileinstaller:profileinstaller:1.3.0] AndroidManifest.xml:46:13-48:29
272                <action android:name="androidx.profileinstaller.action.SAVE_PROFILE" />
272-->[androidx.profileinstaller:profileinstaller:1.3.0] AndroidManifest.xml:47:17-88
272-->[androidx.profileinstaller:profileinstaller:1.3.0] AndroidManifest.xml:47:25-85
273            </intent-filter>
274            <intent-filter>
274-->[androidx.profileinstaller:profileinstaller:1.3.0] AndroidManifest.xml:49:13-51:29
275                <action android:name="androidx.profileinstaller.action.BENCHMARK_OPERATION" />
275-->[androidx.profileinstaller:profileinstaller:1.3.0] AndroidManifest.xml:50:17-95
275-->[androidx.profileinstaller:profileinstaller:1.3.0] AndroidManifest.xml:50:25-92
276            </intent-filter>
277        </receiver>
278    </application>
279
280</manifest>